<?xml version="1.0" encoding="UTF-8"?>
<testsuite name="LeapYear.LeapYearTest" tests="2" skipped="0" failures="0" errors="0" timestamp="2015-05-14T17:00:27" hostname="Jakes-iMac.local" time="0.01">
  <properties/>
  <testcase name="testLeapYearFalse" classname="LeapYear.LeapYearTest" time="0.01"/>
  <testcase name="testLeapYearTrue" classname="LeapYear.LeapYearTest" time="0.0"/>
  <system-out><![CDATA[]]></system-out>
  <system-err><![CDATA[]]></system-err>
</testsuite>
