<?xml version="1.0" encoding="UTF-8"?>
<testsuite name="LeapYear.LeapYearTest" tests="1" skipped="0" failures="0" errors="0" timestamp="2015-05-14T17:11:03" hostname="Jakes-iMac.local" time="0.006">
  <properties/>
  <testcase name="checkIfLeapYearTest" classname="LeapYear.LeapYearTest" time="0.006"/>
  <system-out><![CDATA[]]></system-out>
  <system-err><![CDATA[]]></system-err>
</testsuite>
